<?xml version="1.0" encoding="UTF-8" ?>
<testsuite tests="6" failures="0" name="idealistaTest.test.TestEjecutarCucumberTest" time="7.265" errors="0" skipped="0">
  <properties>
    <property name="java.runtime.name" value="Java(TM) SE Runtime Environment"/>
    <property name="sun.boot.library.path" value="/Library/Java/JavaVirtualMachines/jdk1.8.0_11.jdk/Contents/Home/jre/lib"/>
    <property name="java.vm.version" value="25.11-b03"/>
    <property name="gopherProxySet" value="false"/>
    <property name="java.vm.vendor" value="Oracle Corporation"/>
    <property name="java.vendor.url" value="http://java.oracle.com/"/>
    <property name="path.separator" value=":"/>
    <property name="java.vm.name" value="Java HotSpot(TM) 64-Bit Server VM"/>
    <property name="file.encoding.pkg" value="sun.io"/>
    <property name="user.country" value="ES"/>
    <property name="sun.java.launcher" value="SUN_STANDARD"/>
    <property name="sun.os.patch.level" value="unknown"/>
    <property name="java.vm.specification.name" value="Java Virtual Machine Specification"/>
    <property name="user.dir" value="/Users/miguelangelvilchezminan/Documents/Programacion/workspaceSeleniumCucumber/Cucumber_Selenium_Maven_Basico"/>
    <property name="java.runtime.version" value="1.8.0_11-b12"/>
    <property name="java.awt.graphicsenv" value="sun.awt.CGraphicsEnvironment"/>
    <property name="basedir" value="/Users/miguelangelvilchezminan/Documents/Programacion/workspaceSeleniumCucumber/Cucumber_Selenium_Maven_Basico"/>
    <property name="java.endorsed.dirs" value="/Library/Java/JavaVirtualMachines/jdk1.8.0_11.jdk/Contents/Home/jre/lib/endorsed"/>
    <property name="os.arch" value="x86_64"/>
    <property name="surefire.real.class.path" value="/Users/miguelangelvilchezminan/Documents/Programacion/workspaceSeleniumCucumber/Cucumber_Selenium_Maven_Basico/target/surefire/surefirebooter7085023237272442876.jar"/>
    <property name="java.io.tmpdir" value="/var/folders/4q/csdlhp550rq4n4x68f9hksmm0000gn/T/"/>
    <property name="line.separator" value="
"/>
    <property name="java.vm.specification.vendor" value="Oracle Corporation"/>
    <property name="os.name" value="Mac OS X"/>
    <property name="sun.jnu.encoding" value="UTF-8"/>
    <property name="java.library.path" value="/Users/miguelangelvilchezminan/Library/Java/Extensions:/Library/Java/Extensions:/Network/Library/Java/Extensions:/System/Library/Java/Extensions:/usr/lib/java:."/>
    <property name="surefire.test.class.path" value="/Users/miguelangelvilchezminan/Documents/Programacion/workspaceSeleniumCucumber/Cucumber_Selenium_Maven_Basico/target/test-classes:/Users/miguelangelvilchezminan/Documents/Programacion/workspaceSeleniumCucumber/Cucumber_Selenium_Maven_Basico/target/classes:/Users/miguelangelvilchezminan/.m2/repository/junit/junit/4.8.1/junit-4.8.1.jar:/Users/miguelangelvilchezminan/.m2/repository/org/seleniumhq/selenium/selenium-java/2.42.2/selenium-java-2.42.2.jar:/Users/miguelangelvilchezminan/.m2/repository/org/seleniumhq/selenium/selenium-chrome-driver/2.42.2/selenium-chrome-driver-2.42.2.jar:/Users/miguelangelvilchezminan/.m2/repository/org/seleniumhq/selenium/selenium-remote-driver/2.42.2/selenium-remote-driver-2.42.2.jar:/Users/miguelangelvilchezminan/.m2/repository/cglib/cglib-nodep/2.1_3/cglib-nodep-2.1_3.jar:/Users/miguelangelvilchezminan/.m2/repository/org/json/json/20080701/json-20080701.jar:/Users/miguelangelvilchezminan/.m2/repository/com/google/guava/guava/15.0/guava-15.0.jar:/Users/miguelangelvilchezminan/.m2/repository/org/seleniumhq/selenium/selenium-htmlunit-driver/2.42.2/selenium-htmlunit-driver-2.42.2.jar:/Users/miguelangelvilchezminan/.m2/repository/net/sourceforge/htmlunit/htmlunit/2.14/htmlunit-2.14.jar:/Users/miguelangelvilchezminan/.m2/repository/xalan/xalan/2.7.1/xalan-2.7.1.jar:/Users/miguelangelvilchezminan/.m2/repository/xalan/serializer/2.7.1/serializer-2.7.1.jar:/Users/miguelangelvilchezminan/.m2/repository/commons-collections/commons-collections/3.2.1/commons-collections-3.2.1.jar:/Users/miguelangelvilchezminan/.m2/repository/org/apache/commons/commons-lang3/3.2.1/commons-lang3-3.2.1.jar:/Users/miguelangelvilchezminan/.m2/repository/org/apache/httpcomponents/httpmime/4.3.2/httpmime-4.3.2.jar:/Users/miguelangelvilchezminan/.m2/repository/commons-codec/commons-codec/1.9/commons-codec-1.9.jar:/Users/miguelangelvilchezminan/.m2/repository/net/sourceforge/htmlunit/htmlunit-core-js/2.14/htmlunit-core-js-2.14.jar:/Users/miguelangelvilchezminan/.m2/repository/xerces/xercesImpl/2.11.0/xercesImpl-2.11.0.jar:/Users/miguelangelvilchezminan/.m2/repository/xml-apis/xml-apis/1.4.01/xml-apis-1.4.01.jar:/Users/miguelangelvilchezminan/.m2/repository/net/sourceforge/nekohtml/nekohtml/1.9.20/nekohtml-1.9.20.jar:/Users/miguelangelvilchezminan/.m2/repository/net/sourceforge/cssparser/cssparser/0.9.13/cssparser-0.9.13.jar:/Users/miguelangelvilchezminan/.m2/repository/org/w3c/css/sac/1.3/sac-1.3.jar:/Users/miguelangelvilchezminan/.m2/repository/commons-logging/commons-logging/1.1.3/commons-logging-1.1.3.jar:/Users/miguelangelvilchezminan/.m2/repository/org/eclipse/jetty/jetty-websocket/8.1.14.v20131031/jetty-websocket-8.1.14.v20131031.jar:/Users/miguelangelvilchezminan/.m2/repository/org/eclipse/jetty/jetty-util/8.1.14.v20131031/jetty-util-8.1.14.v20131031.jar:/Users/miguelangelvilchezminan/.m2/repository/org/eclipse/jetty/jetty-io/8.1.14.v20131031/jetty-io-8.1.14.v20131031.jar:/Users/miguelangelvilchezminan/.m2/repository/org/eclipse/jetty/jetty-http/8.1.14.v20131031/jetty-http-8.1.14.v20131031.jar:/Users/miguelangelvilchezminan/.m2/repository/org/apache/httpcomponents/httpclient/4.3.2/httpclient-4.3.2.jar:/Users/miguelangelvilchezminan/.m2/repository/org/apache/httpcomponents/httpcore/4.3.1/httpcore-4.3.1.jar:/Users/miguelangelvilchezminan/.m2/repository/org/seleniumhq/selenium/selenium-firefox-driver/2.42.2/selenium-firefox-driver-2.42.2.jar:/Users/miguelangelvilchezminan/.m2/repository/commons-io/commons-io/2.4/commons-io-2.4.jar:/Users/miguelangelvilchezminan/.m2/repository/org/apache/commons/commons-exec/1.1/commons-exec-1.1.jar:/Users/miguelangelvilchezminan/.m2/repository/org/seleniumhq/selenium/selenium-ie-driver/2.42.2/selenium-ie-driver-2.42.2.jar:/Users/miguelangelvilchezminan/.m2/repository/net/java/dev/jna/jna/3.4.0/jna-3.4.0.jar:/Users/miguelangelvilchezminan/.m2/repository/net/java/dev/jna/platform/3.4.0/platform-3.4.0.jar:/Users/miguelangelvilchezminan/.m2/repository/org/seleniumhq/selenium/selenium-safari-driver/2.42.2/selenium-safari-driver-2.42.2.jar:/Users/miguelangelvilchezminan/.m2/repository/org/seleniumhq/selenium/selenium-support/2.42.2/selenium-support-2.42.2.jar:/Users/miguelangelvilchezminan/.m2/repository/org/seleniumhq/selenium/selenium-api/2.42.2/selenium-api-2.42.2.jar:/Users/miguelangelvilchezminan/.m2/repository/org/webbitserver/webbit/0.4.14/webbit-0.4.14.jar:/Users/miguelangelvilchezminan/.m2/repository/io/netty/netty/3.5.2.Final/netty-3.5.2.Final.jar:/Users/miguelangelvilchezminan/.m2/repository/info/cukes/cucumber-junit/1.0.14/cucumber-junit-1.0.14.jar:/Users/miguelangelvilchezminan/.m2/repository/info/cukes/cucumber-core/1.0.14/cucumber-core-1.0.14.jar:/Users/miguelangelvilchezminan/.m2/repository/info/cukes/cucumber-java/1.0.14/cucumber-java-1.0.14.jar:"/>
    <property name="java.specification.name" value="Java Platform API Specification"/>
    <property name="java.class.version" value="52.0"/>
    <property name="sun.management.compiler" value="HotSpot 64-Bit Tiered Compilers"/>
    <property name="os.version" value="10.9.1"/>
    <property name="user.home" value="/Users/miguelangelvilchezminan"/>
    <property name="user.timezone" value="Europe/Madrid"/>
    <property name="java.awt.printerjob" value="sun.lwawt.macosx.CPrinterJob"/>
    <property name="java.specification.version" value="1.8"/>
    <property name="file.encoding" value="UTF-8"/>
    <property name="user.name" value="miguelangelvilchezminan"/>
    <property name="java.class.path" value="/Users/miguelangelvilchezminan/Documents/Programacion/workspaceSeleniumCucumber/Cucumber_Selenium_Maven_Basico/target/test-classes:/Users/miguelangelvilchezminan/Documents/Programacion/workspaceSeleniumCucumber/Cucumber_Selenium_Maven_Basico/target/classes:/Users/miguelangelvilchezminan/.m2/repository/junit/junit/4.8.1/junit-4.8.1.jar:/Users/miguelangelvilchezminan/.m2/repository/org/seleniumhq/selenium/selenium-java/2.42.2/selenium-java-2.42.2.jar:/Users/miguelangelvilchezminan/.m2/repository/org/seleniumhq/selenium/selenium-chrome-driver/2.42.2/selenium-chrome-driver-2.42.2.jar:/Users/miguelangelvilchezminan/.m2/repository/org/seleniumhq/selenium/selenium-remote-driver/2.42.2/selenium-remote-driver-2.42.2.jar:/Users/miguelangelvilchezminan/.m2/repository/cglib/cglib-nodep/2.1_3/cglib-nodep-2.1_3.jar:/Users/miguelangelvilchezminan/.m2/repository/org/json/json/20080701/json-20080701.jar:/Users/miguelangelvilchezminan/.m2/repository/com/google/guava/guava/15.0/guava-15.0.jar:/Users/miguelangelvilchezminan/.m2/repository/org/seleniumhq/selenium/selenium-htmlunit-driver/2.42.2/selenium-htmlunit-driver-2.42.2.jar:/Users/miguelangelvilchezminan/.m2/repository/net/sourceforge/htmlunit/htmlunit/2.14/htmlunit-2.14.jar:/Users/miguelangelvilchezminan/.m2/repository/xalan/xalan/2.7.1/xalan-2.7.1.jar:/Users/miguelangelvilchezminan/.m2/repository/xalan/serializer/2.7.1/serializer-2.7.1.jar:/Users/miguelangelvilchezminan/.m2/repository/commons-collections/commons-collections/3.2.1/commons-collections-3.2.1.jar:/Users/miguelangelvilchezminan/.m2/repository/org/apache/commons/commons-lang3/3.2.1/commons-lang3-3.2.1.jar:/Users/miguelangelvilchezminan/.m2/repository/org/apache/httpcomponents/httpmime/4.3.2/httpmime-4.3.2.jar:/Users/miguelangelvilchezminan/.m2/repository/commons-codec/commons-codec/1.9/commons-codec-1.9.jar:/Users/miguelangelvilchezminan/.m2/repository/net/sourceforge/htmlunit/htmlunit-core-js/2.14/htmlunit-core-js-2.14.jar:/Users/miguelangelvilchezminan/.m2/repository/xerces/xercesImpl/2.11.0/xercesImpl-2.11.0.jar:/Users/miguelangelvilchezminan/.m2/repository/xml-apis/xml-apis/1.4.01/xml-apis-1.4.01.jar:/Users/miguelangelvilchezminan/.m2/repository/net/sourceforge/nekohtml/nekohtml/1.9.20/nekohtml-1.9.20.jar:/Users/miguelangelvilchezminan/.m2/repository/net/sourceforge/cssparser/cssparser/0.9.13/cssparser-0.9.13.jar:/Users/miguelangelvilchezminan/.m2/repository/org/w3c/css/sac/1.3/sac-1.3.jar:/Users/miguelangelvilchezminan/.m2/repository/commons-logging/commons-logging/1.1.3/commons-logging-1.1.3.jar:/Users/miguelangelvilchezminan/.m2/repository/org/eclipse/jetty/jetty-websocket/8.1.14.v20131031/jetty-websocket-8.1.14.v20131031.jar:/Users/miguelangelvilchezminan/.m2/repository/org/eclipse/jetty/jetty-util/8.1.14.v20131031/jetty-util-8.1.14.v20131031.jar:/Users/miguelangelvilchezminan/.m2/repository/org/eclipse/jetty/jetty-io/8.1.14.v20131031/jetty-io-8.1.14.v20131031.jar:/Users/miguelangelvilchezminan/.m2/repository/org/eclipse/jetty/jetty-http/8.1.14.v20131031/jetty-http-8.1.14.v20131031.jar:/Users/miguelangelvilchezminan/.m2/repository/org/apache/httpcomponents/httpclient/4.3.2/httpclient-4.3.2.jar:/Users/miguelangelvilchezminan/.m2/repository/org/apache/httpcomponents/httpcore/4.3.1/httpcore-4.3.1.jar:/Users/miguelangelvilchezminan/.m2/repository/org/seleniumhq/selenium/selenium-firefox-driver/2.42.2/selenium-firefox-driver-2.42.2.jar:/Users/miguelangelvilchezminan/.m2/repository/commons-io/commons-io/2.4/commons-io-2.4.jar:/Users/miguelangelvilchezminan/.m2/repository/org/apache/commons/commons-exec/1.1/commons-exec-1.1.jar:/Users/miguelangelvilchezminan/.m2/repository/org/seleniumhq/selenium/selenium-ie-driver/2.42.2/selenium-ie-driver-2.42.2.jar:/Users/miguelangelvilchezminan/.m2/repository/net/java/dev/jna/jna/3.4.0/jna-3.4.0.jar:/Users/miguelangelvilchezminan/.m2/repository/net/java/dev/jna/platform/3.4.0/platform-3.4.0.jar:/Users/miguelangelvilchezminan/.m2/repository/org/seleniumhq/selenium/selenium-safari-driver/2.42.2/selenium-safari-driver-2.42.2.jar:/Users/miguelangelvilchezminan/.m2/repository/org/seleniumhq/selenium/selenium-support/2.42.2/selenium-support-2.42.2.jar:/Users/miguelangelvilchezminan/.m2/repository/org/seleniumhq/selenium/selenium-api/2.42.2/selenium-api-2.42.2.jar:/Users/miguelangelvilchezminan/.m2/repository/org/webbitserver/webbit/0.4.14/webbit-0.4.14.jar:/Users/miguelangelvilchezminan/.m2/repository/io/netty/netty/3.5.2.Final/netty-3.5.2.Final.jar:/Users/miguelangelvilchezminan/.m2/repository/info/cukes/cucumber-junit/1.0.14/cucumber-junit-1.0.14.jar:/Users/miguelangelvilchezminan/.m2/repository/info/cukes/cucumber-core/1.0.14/cucumber-core-1.0.14.jar:/Users/miguelangelvilchezminan/.m2/repository/info/cukes/cucumber-java/1.0.14/cucumber-java-1.0.14.jar:"/>
    <property name="java.vm.specification.version" value="1.8"/>
    <property name="sun.arch.data.model" value="64"/>
    <property name="java.home" value="/Library/Java/JavaVirtualMachines/jdk1.8.0_11.jdk/Contents/Home/jre"/>
    <property name="sun.java.command" value="/Users/miguelangelvilchezminan/Documents/Programacion/workspaceSeleniumCucumber/Cucumber_Selenium_Maven_Basico/target/surefire/surefirebooter7085023237272442876.jar /Users/miguelangelvilchezminan/Documents/Programacion/workspaceSeleniumCucumber/Cucumber_Selenium_Maven_Basico/target/surefire/surefire2279014948851998289tmp /Users/miguelangelvilchezminan/Documents/Programacion/workspaceSeleniumCucumber/Cucumber_Selenium_Maven_Basico/target/surefire/surefire9045778366356553088tmp"/>
    <property name="java.specification.vendor" value="Oracle Corporation"/>
    <property name="user.language" value="es"/>
    <property name="awt.toolkit" value="sun.lwawt.macosx.LWCToolkit"/>
    <property name="java.vm.info" value="mixed mode"/>
    <property name="java.version" value="1.8.0_11"/>
    <property name="java.ext.dirs" value="/Users/miguelangelvilchezminan/Library/Java/Extensions:/Library/Java/JavaVirtualMachines/jdk1.8.0_11.jdk/Contents/Home/jre/lib/ext:/Library/Java/Extensions:/Network/Library/Java/Extensions:/System/Library/Java/Extensions:/usr/lib/java"/>
    <property name="sun.boot.class.path" value="/Library/Java/JavaVirtualMachines/jdk1.8.0_11.jdk/Contents/Home/jre/lib/resources.jar:/Library/Java/JavaVirtualMachines/jdk1.8.0_11.jdk/Contents/Home/jre/lib/rt.jar:/Library/Java/JavaVirtualMachines/jdk1.8.0_11.jdk/Contents/Home/jre/lib/sunrsasign.jar:/Library/Java/JavaVirtualMachines/jdk1.8.0_11.jdk/Contents/Home/jre/lib/jsse.jar:/Library/Java/JavaVirtualMachines/jdk1.8.0_11.jdk/Contents/Home/jre/lib/jce.jar:/Library/Java/JavaVirtualMachines/jdk1.8.0_11.jdk/Contents/Home/jre/lib/charsets.jar:/Library/Java/JavaVirtualMachines/jdk1.8.0_11.jdk/Contents/Home/jre/lib/jfr.jar:/Library/Java/JavaVirtualMachines/jdk1.8.0_11.jdk/Contents/Home/jre/classes"/>
    <property name="java.vendor" value="Oracle Corporation"/>
    <property name="localRepository" value="/Users/miguelangelvilchezminan/.m2/repository"/>
    <property name="file.separator" value="/"/>
    <property name="java.vendor.url.bug" value="http://bugreport.sun.com/bugreport/"/>
    <property name="sun.cpu.endian" value="little"/>
    <property name="sun.io.unicode.encoding" value="UnicodeBig"/>
    <property name="sun.cpu.isalist" value=""/>
  </properties>
  <testcase classname="Given the user gets in on the webpage &quot;http://www.idealista.es&quot;   " name="Given the user gets in on the webpage &quot;http://www.idealista.es&quot;   " time="0.001"/>
  <testcase classname="When I press the button with text &quot;pon tu anuncio gratis&quot;    " name="When I press the button with text &quot;pon tu anuncio gratis&quot;    " time="0"/>
  <testcase classname="Then I must see the button with text &quot;vale, tengo las fotos, vamos allá »&quot;     " name="Then I must see the button with text &quot;vale, tengo las fotos, vamos allá »&quot;     " time="0"/>
  <testcase classname="Given the user press the button with text &quot;vale, tengo las fotos, vamos allá »&quot;      " name="Given the user press the button with text &quot;vale, tengo las fotos, vamos allá »&quot;      " time="0"/>
  <testcase classname="Then I must see the button with Id &quot;doLogin&quot;       " name="Then I must see the button with Id &quot;doLogin&quot;       " time="0"/>
  <testcase classname="Scenario: Enter on Idealista  " name="Scenario: Enter on Idealista  " time="0.097"/>
</testsuite>